Data
 - test: 28449
 - train: 19988
 - val: 8017
{"blend_warmup": true, "train_blend_warmup": false, "n_epochs_blend_only": 5, "debug_mode": false, "device": "cuda:0", "pt_model": "bert-base-uncased", "n_trials": 1, "n_epochs": 50, "learn_rate": 1e-05, "epsilon": 1e-08, "pivot_metric": "auc", "early_stop": 3, "tasks": {"main": {"classes": ["sup", "att", "neu"]}, "nli": {"data_paths": ["../data/rsc/mnli-org.csv", "../data/rsc/antsyn-nli.csv"], "classes": ["ent", "con", "neu"]}, "senti": {"data_paths": ["../data/rsc/senti-irish.csv", "../data/rsc/senti-ldong.csv", "../data/rsc/senti-mm.csv", "../data/rsc/senti-sem17.csv", "../data/rsc/senti-norm.csv"], "classes": ["pos", "neg", "neu"]}, "causal": {"data_paths": ["../data/rsc/because-causal.csv", "../data/rsc/conet-causal.csv", "../data/rsc/pdtb-i-causal.csv", "../data/rsc/wiqa-causal.csv"], "classes": ["cause", "obstruct", "precede", "sync", "else"]}, "normarg_polar": {"data_path": "../data/rsc/normarg.csv", "classes": ["consist", "contrast"]}, "normarg_jtype": {"data_path": "../data/rsc/normarg.csv", "classes": ["norm", "conseq"]}, "normarg_senti": {"data_path": "../data/rsc/normarg.csv", "classes": ["positive", "negative"], "con_classes": ["advocate", "object"]}}, "max_n_batch_tokens": 2560, "max_batch_size": 6, "data_dir": "../data/kialo", "logs_dir": "../logs/sup-kialo", "save_model": true, "models_dir": "../models", "data_prefix": "kialo_normative_pairs", "name": "blend", "dataset": "kialo", "dtype": "normative", "modes": ["bi", "neu"], "blend_type": "no", "blend_rate": [0, 0, 0, 0, 0, 0, 0, 0, 0, 0, 0, 0, 0, 0, 0, 0, 0, 0, 0, 0, 0, 0, 0, 0, 0, 0, 0, 0, 0, 0, 0, 0, 0, 0, 0, 0, 0, 0, 0, 0, 0, 0, 0, 0, 0, 0, 0, 0, 0, 0, 0, 0, 0, 0, 0, 0, 0, 0, 0, 0, 0, 0, 0, 0, 0, 0, 0, 0, 0, 0, 0, 0, 0, 0, 0, 0, 0, 0, 0, 0, 0, 0, 0, 0, 0, 0, 0, 0, 0, 0, 0, 0, 0, 0, 0, 0, 0, 0, 0, 0], "task2classes": {"main": ["sup", "att", "neu"], "nli": ["ent", "con", "neu"], "senti": ["pos", "neg", "neu"], "normarg_polar": ["consist", "contrast"], "normarg_jtype": ["norm", "conseq"], "normarg_norm_senti": ["positive", "negative"], "normarg_conseq_senti": ["positive", "negative"]}, "prefix": "sup_blend-20231126_142451-DTkialo-TYnormative-BWup-TSmain+nli+normarg_conseq_senti+normarg_jtype+normarg_norm_senti+normarg_polar+senti-BTno", "logger": "<class 'logging.Logger'>"}
==================================================
TRIAL 1
==================================================
[Epoch 1] blend_rate=0

train_loss=0.362
val_acc=0.860, val_auc=0.955, val_f1=0.816, val_f1_att=0.744, val_f1_neu=0.989, val_f1_sup=0.714, val_loss=0.297, val_prec=0.817, val_prec_att=0.748, val_prec_neu=0.983, val_prec_sup=0.719, val_recl=0.815, val_recl_att=0.741, val_recl_neu=0.995, val_recl_sup=0.709
test_acc=0.782, test_auc=0.920, test_f1=0.722, test_f1_att=0.610, test_f1_neu=0.909, test_f1_sup=0.645, test_loss=0.645, test_prec=0.747, test_prec_att=0.729, test_prec_neu=0.836, test_prec_sup=0.676, test_recl=0.713, test_recl_att=0.525, test_recl_neu=0.996, test_recl_sup=0.617
(Storing model...)
(Saving model to disk...)
epoch_time=4.2m

[Epoch 2] blend_rate=0

train_loss=0.226
val_acc=0.864, val_auc=0.959, val_f1=0.820, val_f1_att=0.761, val_f1_neu=0.992, val_f1_sup=0.707, val_loss=0.299, val_prec=0.823, val_prec_att=0.726, val_prec_neu=0.992, val_prec_sup=0.751, val_recl=0.819, val_recl_att=0.799, val_recl_neu=0.992, val_recl_sup=0.667
test_acc=0.802, test_auc=0.929, test_f1=0.745, test_f1_att=0.680, test_f1_neu=0.931, test_f1_sup=0.624, test_loss=0.616, test_prec=0.764, test_prec_att=0.693, test_prec_neu=0.878, test_prec_sup=0.721, test_recl=0.737, test_recl_att=0.668, test_recl_neu=0.991, test_recl_sup=0.551
(Storing model...)
(Saving model to disk...)
epoch_time=4.2m

[Epoch 3] blend_rate=0

train_loss=0.135
val_acc=0.861, val_auc=0.957, val_f1=0.815, val_f1_att=0.749, val_f1_neu=0.993, val_f1_sup=0.705, val_loss=0.344, val_prec=0.817, val_prec_att=0.729, val_prec_neu=0.991, val_prec_sup=0.730, val_recl=0.815, val_recl_att=0.769, val_recl_neu=0.994, val_recl_sup=0.681
test_acc=0.790, test_auc=0.926, test_f1=0.730, test_f1_att=0.659, test_f1_neu=0.922, test_f1_sup=0.608, test_loss=0.755, test_prec=0.751, test_prec_att=0.690, test_prec_neu=0.860, test_prec_sup=0.702, test_recl=0.720, test_recl_att=0.631, test_recl_neu=0.993, test_recl_sup=0.537
epoch_time=4.1m

[Epoch 4] blend_rate=0

train_loss=0.084
val_acc=0.860, val_auc=0.956, val_f1=0.815, val_f1_att=0.756, val_f1_neu=0.992, val_f1_sup=0.698, val_loss=0.418, val_prec=0.819, val_prec_att=0.716, val_prec_neu=0.994, val_prec_sup=0.745, val_recl=0.815, val_recl_att=0.799, val_recl_neu=0.990, val_recl_sup=0.656
test_acc=0.796, test_auc=0.926, test_f1=0.736, test_f1_att=0.668, test_f1_neu=0.934, test_f1_sup=0.605, test_loss=0.776, test_prec=0.753, test_prec_att=0.677, test_prec_neu=0.883, test_prec_sup=0.698, test_recl=0.728, test_recl_att=0.660, test_recl_neu=0.990, test_recl_sup=0.535
epoch_time=4.1m

[Epoch 5] blend_rate=0

train_loss=0.054
val_acc=0.862, val_auc=0.956, val_f1=0.817, val_f1_att=0.763, val_f1_neu=0.992, val_f1_sup=0.696, val_loss=0.485, val_prec=0.823, val_prec_att=0.714, val_prec_neu=0.993, val_prec_sup=0.762, val_recl=0.817, val_recl_att=0.818, val_recl_neu=0.990, val_recl_sup=0.641
test_acc=0.804, test_auc=0.930, test_f1=0.745, test_f1_att=0.681, test_f1_neu=0.939, test_f1_sup=0.615, test_loss=0.804, test_prec=0.761, test_prec_att=0.683, test_prec_neu=0.893, test_prec_sup=0.707, test_recl=0.738, test_recl_att=0.679, test_recl_neu=0.990, test_recl_sup=0.545
epoch_time=4.1m

Early stop

==================================================
final_val_acc=0.864 (0.000), final_val_auc=0.959 (0.000), final_val_f1=0.820 (0.000), final_val_f1_att=0.761 (0.000), final_val_f1_neu=0.992 (0.000), final_val_f1_sup=0.707 (0.000), final_val_loss=0.299 (0.000), final_val_prec=0.823 (0.000), final_val_prec_att=0.726 (0.000), final_val_prec_neu=0.992 (0.000), final_val_prec_sup=0.751 (0.000), final_val_recl=0.819 (0.000), final_val_recl_att=0.799 (0.000), final_val_recl_neu=0.992 (0.000), final_val_recl_sup=0.667 (0.000)
final_test_acc=0.802 (0.000), final_test_auc=0.929 (0.000), final_test_f1=0.745 (0.000), final_test_f1_att=0.680 (0.000), final_test_f1_neu=0.931 (0.000), final_test_f1_sup=0.624 (0.000), final_test_loss=0.616 (0.000), final_test_prec=0.764 (0.000), final_test_prec_att=0.693 (0.000), final_test_prec_neu=0.878 (0.000), final_test_prec_sup=0.721 (0.000), final_test_recl=0.737 (0.000), final_test_recl_att=0.668 (0.000), final_test_recl_neu=0.991 (0.000), final_test_recl_sup=0.551 (0.000)
total_time: 20.8m
